#
# There is insufficient memory for the Java Runtime Environment to continue.
# Native memory allocation (mmap) failed to map 266338304 bytes for Failed to commit area from 0x0000000703a00000 to 0x0000000713800000 of length 266338304.
# Possible reasons:
#   The system is out of physical RAM or swap space
#   The process is running with CompressedOops enabled, and the Java Heap may be blocking the growth of the native heap
# Possible solutions:
#   Reduce memory load on the system
#   Increase physical memory or swap space
#   Check if swap backing store is full
#   Decrease Java heap size (-Xmx/-Xms)
#   Decrease number of Java threads
#   Decrease Java thread stack sizes (-Xss)
#   Set larger code cache with -XX:ReservedCodeCacheSize=
# This output file may be truncated or incomplete.
#
#  Out of Memory Error (./src/hotspot/os/windows/os_windows.cpp:3303), pid=580, tid=23532
#
# JRE version:  (11.0.8+10) (build )
# Java VM: OpenJDK 64-Bit Server VM (11.0.8+10-b944.31, mixed mode, sharing, tiered, compressed oops, g1 gc, windows-amd64)
# No core dump will be written. Minidumps are not enabled by default on client versions of Windows
#

---------------  S U M M A R Y ------------

Command Line: org.jetbrains.git4idea.http.GitAskPassApp Username for 'https://github.com': 

Host: 11th Gen Intel(R) Core(TM) i5-11400 @ 2.60GHz, 12 cores, 15G,  Windows 10 , 64 bit Build 22621 (10.0.22621.2506)
Time: Tue Jan 16 16:29:42 2024 中国标准时间 elapsed time: 0 seconds (0d 0h 0m 0s)

---------------  T H R E A D  ---------------

Current thread (0x0000021b9172e000):  JavaThread "Unknown thread" [_thread_in_vm, id=23532, stack(0x0000003672000000,0x0000003672100000)]

Stack: [0x0000003672000000,0x0000003672100000]
Native frames: (J=compiled Java code, j=interpreted, Vv=VM code, C=native code)
V  [jvm.dll+0x5de35a]
V  [jvm.dll+0x712355]
V  [jvm.dll+0x7138ad]
V  [jvm.dll+0x713f63]
V  [jvm.dll+0x23e628]
V  [jvm.dll+0x5db804]
V  [jvm.dll+0x5d0925]
V  [jvm.dll+0x2faf9b]
V  [jvm.dll+0x2faf0a]
V  [jvm.dll+0x2fade2]
V  [jvm.dll+0x2ffcb6]
V  [jvm.dll+0x3483a3]
V  [jvm.dll+0x348aa6]
V  [jvm.dll+0x3484a3]
V  [jvm.dll+0x2d5be8]
V  [jvm.dll+0x2d6d87]
V  [jvm.dll+0x6f10e7]
V  [jvm.dll+0x6f28dc]
V  [jvm.dll+0x3558f9]
V  [jvm.dll+0x6d492e]
V  [jvm.dll+0x3bdad3]
V  [jvm.dll+0x3bfd01]
C  [jli.dll+0x5373]
C  [ucrtbase.dll+0x29363]
C  [KERNEL32.DLL+0x1257d]
C  [ntdll.dll+0x5aa58]


---------------  P R O C E S S  ---------------

Threads class SMR info:
_java_thread_list=0x0000021b9164fed0, length=0, elements={
}

Java Threads: ( => current thread )

Other Threads:
  0x0000021b93817800 GCTaskThread "GC Thread#0" [stack: 0x0000003672100000,0x0000003672200000] [id=27428]
  0x0000021b93875800 ConcurrentGCThread "G1 Main Marker" [stack: 0x0000003672200000,0x0000003672300000] [id=27440]
  0x0000021b93878000 ConcurrentGCThread "G1 Conc#0" [stack: 0x0000003672300000,0x0000003672400000] [id=24100]

[error occurred during error reporting (printing all threads), id 0xc0000005, EXCEPTION_ACCESS_VIOLATION (0xc0000005) at pc=0x00007ffbd83360c7]

VM state:not at safepoint (not fully initialized)

VM Mutex/Monitor currently owned by a thread:  ([mutex/lock_event])
[0x0000021b9172abd0] Heap_lock - owner thread: 0x0000021b9172e000

Heap address: 0x0000000703a00000, size: 4038 MB, Compressed Oops mode: Non-zero based: 0x0000000703a00000
Narrow klass base: 0x0000000000000000, Narrow klass shift: 0

GC Heap History (0 events):
No events

Deoptimization events (0 events):
No events

Classes redefined (0 events):
No events

Internal exceptions (0 events):
No events

Events (1 events):
Event: 0.005 Loaded shared library D:\dev\idea\IntelliJ IDEA 2020.2.1\jbr\bin\zip.dll


Dynamic libraries:
0x00007ff66cf70000 - 0x00007ff66cf7a000 	D:\dev\idea\IntelliJ IDEA 2020.2.1\jbr\bin\java.exe
0x00007ffc4f630000 - 0x00007ffc4f847000 	C:\WINDOWS\SYSTEM32\ntdll.dll
0x00007ffc4ead0000 - 0x00007ffc4eb94000 	C:\WINDOWS\System32\KERNEL32.DLL
0x00007ffc4cca0000 - 0x00007ffc4d046000 	C:\WINDOWS\System32\KERNELBASE.dll
0x00007ffc4d050000 - 0x00007ffc4d161000 	C:\WINDOWS\System32\ucrtbase.dll
0x00007ffc30f50000 - 0x00007ffc30f69000 	D:\dev\idea\IntelliJ IDEA 2020.2.1\jbr\bin\jli.dll
0x00007ffc32c70000 - 0x00007ffc32c87000 	D:\dev\idea\IntelliJ IDEA 2020.2.1\jbr\bin\VCRUNTIME140.dll
0x00007ffc4df50000 - 0x00007ffc4e0fe000 	C:\WINDOWS\System32\USER32.dll
0x00007ffc3bf30000 - 0x00007ffc3c1c3000 	C:\WINDOWS\WinSxS\amd64_microsoft.windows.common-controls_6595b64144ccf1df_6.0.22621.2506_none_270c5ae97388e100\COMCTL32.dll
0x00007ffc4d170000 - 0x00007ffc4d196000 	C:\WINDOWS\System32\win32u.dll
0x00007ffc4e860000 - 0x00007ffc4e907000 	C:\WINDOWS\System32\msvcrt.dll
0x00007ffc4f4b0000 - 0x00007ffc4f4d9000 	C:\WINDOWS\System32\GDI32.dll
0x00007ffc4cb80000 - 0x00007ffc4cc98000 	C:\WINDOWS\System32\gdi32full.dll
0x00007ffc4cab0000 - 0x00007ffc4cb4a000 	C:\WINDOWS\System32\msvcp_win.dll
0x00007ffc4f4f0000 - 0x00007ffc4f521000 	C:\WINDOWS\System32\IMM32.DLL
0x00007ffc08af0000 - 0x00007ffc08b8d000 	D:\dev\idea\IntelliJ IDEA 2020.2.1\jbr\bin\msvcp140.dll
0x00007ffbd8050000 - 0x00007ffbd8b0d000 	D:\dev\idea\IntelliJ IDEA 2020.2.1\jbr\bin\server\jvm.dll
0x00007ffc4f530000 - 0x00007ffc4f5e3000 	C:\WINDOWS\System32\ADVAPI32.dll
0x00007ffc4e970000 - 0x00007ffc4ea18000 	C:\WINDOWS\System32\sechost.dll
0x00007ffc4cb50000 - 0x00007ffc4cb78000 	C:\WINDOWS\System32\bcrypt.dll
0x00007ffc4e680000 - 0x00007ffc4e797000 	C:\WINDOWS\System32\RPCRT4.dll
0x00007ffc4f4e0000 - 0x00007ffc4f4e8000 	C:\WINDOWS\System32\PSAPI.DLL
0x00007ffc3c500000 - 0x00007ffc3c534000 	C:\WINDOWS\SYSTEM32\WINMM.dll
0x00007ffbcb340000 - 0x00007ffbcb349000 	C:\WINDOWS\SYSTEM32\WSOCK32.dll
0x00007ffc47a40000 - 0x00007ffc47a4a000 	C:\WINDOWS\SYSTEM32\VERSION.dll
0x00007ffc4e100000 - 0x00007ffc4e171000 	C:\WINDOWS\System32\WS2_32.dll
0x00007ffc4ba50000 - 0x00007ffc4ba68000 	C:\WINDOWS\SYSTEM32\kernel.appcore.dll
0x00007ffc318c0000 - 0x00007ffc318d1000 	D:\dev\idea\IntelliJ IDEA 2020.2.1\jbr\bin\verify.dll
0x00007ffc41850000 - 0x00007ffc41a83000 	C:\WINDOWS\SYSTEM32\DBGHELP.DLL
0x00007ffc4ef60000 - 0x00007ffc4f2e9000 	C:\WINDOWS\System32\combase.dll
0x00007ffc4eba0000 - 0x00007ffc4ec77000 	C:\WINDOWS\System32\OLEAUT32.dll
0x00007ffc417e0000 - 0x00007ffc41812000 	C:\WINDOWS\SYSTEM32\dbgcore.DLL
0x00007ffc4c970000 - 0x00007ffc4c9ea000 	C:\WINDOWS\System32\bcryptPrimitives.dll
0x00007ffc23590000 - 0x00007ffc235b9000 	D:\dev\idea\IntelliJ IDEA 2020.2.1\jbr\bin\java.dll
0x00007ffc36b70000 - 0x00007ffc36b7b000 	D:\dev\idea\IntelliJ IDEA 2020.2.1\jbr\bin\jimage.dll
0x00007ffc23570000 - 0x00007ffc23588000 	D:\dev\idea\IntelliJ IDEA 2020.2.1\jbr\bin\zip.dll

dbghelp: loaded successfully - version: 4.0.5 - missing functions: none
symbol engine: initialized successfully - sym options: 0x614 - pdb path: .;D:\dev\idea\IntelliJ IDEA 2020.2.1\jbr\bin;C:\WINDOWS\SYSTEM32;C:\WINDOWS\WinSxS\amd64_microsoft.windows.common-controls_6595b64144ccf1df_6.0.22621.2506_none_270c5ae97388e100;D:\dev\idea\IntelliJ IDEA 2020.2.1\jbr\bin\server

VM Arguments:
java_command: org.jetbrains.git4idea.http.GitAskPassApp Username for 'https://github.com': 
java_class_path (initial): D:/dev/idea/IntelliJ IDEA 2020.2.1/plugins/git4idea/lib/git4idea-rt.jar;D:/dev/idea/IntelliJ IDEA 2020.2.1/lib/xmlrpc-2.0.1.jar;D:/dev/idea/IntelliJ IDEA 2020.2.1/lib/commons-codec-1.14.jar
Launcher Type: SUN_STANDARD

[Global flags]
     intx CICompilerCount                          = 4                                         {product} {ergonomic}
     uint ConcGCThreads                            = 3                                         {product} {ergonomic}
     uint G1ConcRefinementThreads                  = 10                                        {product} {ergonomic}
   size_t G1HeapRegionSize                         = 1048576                                   {product} {ergonomic}
    uintx GCDrainStackTargetSize                   = 64                                        {product} {ergonomic}
   size_t InitialHeapSize                          = 266338304                                 {product} {ergonomic}
   size_t MarkStackSize                            = 4194304                                   {product} {ergonomic}
   size_t MaxHeapSize                              = 4234149888                                {product} {ergonomic}
   size_t MinHeapDeltaBytes                        = 1048576                                   {product} {ergonomic}
    uintx NonNMethodCodeHeapSize                   = 5836300                                {pd product} {ergonomic}
    uintx NonProfiledCodeHeapSize                  = 122910970                              {pd product} {ergonomic}
    uintx ProfiledCodeHeapSize                     = 122910970                              {pd product} {ergonomic}
    uintx ReservedCodeCacheSize                    = 251658240                              {pd product} {ergonomic}
     bool SegmentedCodeCache                       = true                                      {product} {ergonomic}
     bool UseCompressedClassPointers               = true                                 {lp64_product} {ergonomic}
     bool UseCompressedOops                        = true                                 {lp64_product} {ergonomic}
     bool UseG1GC                                  = true                                      {product} {ergonomic}
     bool UseLargePagesIndividualAllocation        = false                                  {pd product} {ergonomic}

Logging:
Log output configuration:
 #0: stdout all=warning uptime,level,tags
 #1: stderr all=off uptime,level,tags

Environment Variables:
JAVA_HOME=C:\Program Files\Java\jdk1.8.0_131
CLASSPATH=.;C:\Program Files\Java\jdk1.8.0_131\lib;C:\Program Files\Java\jdk1.8.0_131\lib\tools.jar
PATH=D:\application\git\home\Git\mingw64\libexec\git-core;D:\application\git\home\Git\mingw64\libexec\git-core;D:\application\git\home\Git\mingw64\bin;D:\application\git\home\Git\usr\bin;C:\Users\cjxin\bin;C:\Program Files (x86)\Common Files\Oracle\Java\javapath;C:\windows\system32;C:\windows;C:\windows\System32\Wbem;C:\windows\System32\WindowsPowerShell\v1.0;C:\windows\System32\OpenSSH;C:\Program Files (x86)\NVIDIA Corporation\PhysX\Common;C:\Program Files\NVIDIA Corporation\NVIDIA NvDLISR;D:\application\git\home\Git\cmd;C:\Program Files\Java\jdk1.8.0_131\bin;D:\dev\erlang\home\bin;D:\dev\go\home\bin;D:\dev\apache-maven-3.6.3\bin;C:\WINDOWS\system32;C:\WINDOWS;C:\WINDOWS\System32\Wbem;C:\WINDOWS\System32\WindowsPowerShell\v1.0;C:\WINDOWS\System32\OpenSSH;D:\application\node;D:\dev\python\main\Scripts;D:\dev\python\main;C:\Users\cjxin\AppData\Local\Microsoft\WindowsApps;D:\dev\vscode\bin;C:\Users\cjxin\go\bin;C:\Users\cjxin\AppData\Roaming\npm
USERNAME=cjxin
DISPLAY=:0.0
LC_ALL=en_US.UTF-8
OS=Windows_NT
PROCESSOR_IDENTIFIER=Intel64 Family 6 Model 167 Stepping 1, GenuineIntel



---------------  S Y S T E M  ---------------

OS: Windows 10 , 64 bit Build 22621 (10.0.22621.2506)
OS uptime: 5 days 20:58 hours
HyperV virtualization detected

CPU:total 12 (initial active 12) (6 cores per cpu, 2 threads per core) family 6 model 167 stepping 1, cmov, cx8, fxsr, mmx, sse, sse2, sse3, ssse3, sse4.1, sse4.2, popcnt, avx, avx2, aes, clmul, erms, 3dnowpref, lzcnt, ht, tsc, tscinvbit, bmi1, bmi2, adx, evex, sha, fma

Memory: 4k page, system-wide physical 16148M (3756M free)
TotalPageFile size 28861M (AvailPageFile size 195M)
current process WorkingSet (physical memory assigned to process): 11M, peak: 11M
current process commit charge ("private bytes"): 64M, peak: 318M

vm_info: OpenJDK 64-Bit Server VM (11.0.8+10-b944.31) for windows-amd64 JRE (11.0.8+10-b944.31), built on Aug  6 2020 12:27:04 by "" with MS VC++ 14.0 (VS2015)

END.
